0 info it worked if it ends with ok
1 verbose cli [ '/usr/local/Cellar/node/0.10.24/bin/node',
1 verbose cli   '/usr/local/bin/npm',
1 verbose cli   'run',
1 verbose cli   'build' ]
2 info using npm@1.3.21
3 info using node@v0.10.24
4 verbose run-script [ 'prebuild', 'build', 'postbuild' ]
5 info prebuild Nucleus-MMVP@0.0.1
6 info build Nucleus-MMVP@0.0.1
7 verbose unsafe-perm in lifecycle true
8 info Nucleus-MMVP@0.0.1 Failed to exec build script
9 error Nucleus-MMVP@0.0.1 build: `coffee index.coffee`
9 error Exit status 8
10 error Failed at the Nucleus-MMVP@0.0.1 build script.
10 error This is most likely a problem with the Nucleus-MMVP package,
10 error not with npm itself.
10 error Tell the author that this fails on your system:
10 error     coffee index.coffee
10 error You can get their info via:
10 error     npm owner ls Nucleus-MMVP
10 error There is likely additional logging output above.
11 error System Darwin 13.4.0
12 error command "/usr/local/Cellar/node/0.10.24/bin/node" "/usr/local/bin/npm" "run" "build"
13 error cwd /Users/josh/Documents/Sites/Nucleus MMVP
14 error node -v v0.10.24
15 error npm -v 1.3.21
16 error code ELIFECYCLE
17 verbose exit [ 1, true ]
